<?xml version="1.0" encoding="UTF-8"?>
<testsuite xmlns:xsi="http://www.w3.org/2001/XMLSchema-instance" xsi:noNamespaceSchemaLocation="https://maven.apache.org/surefire/maven-surefire-plugin/xsd/surefire-test-report.xsd" name="com.czetsuyatech.SpringKeycloakMultiTenantApplicationTests" time="1.648" tests="1" errors="1" skipped="0" failures="0">
  <properties>
    <property name="java.specification.version" value="15"/>
    <property name="sun.cpu.isalist" value="amd64"/>
    <property name="sun.jnu.encoding" value="Cp1252"/>
    <property name="java.class.path" value="C:\Users\JoshuaDasari\Downloads\spring-keycloak-multi-tenant-master\target\test-classes;C:\Users\JoshuaDasari\Downloads\spring-keycloak-multi-tenant-master\target\classes;C:\Users\JoshuaDasari\.m2\repository\log4j\log4j\1.2.17\log4j-1.2.17.jar;C:\Users\JoshuaDasari\.m2\repository\org\json\json\20200518\json-20200518.jar;C:\Users\JoshuaDasari\.m2\repository\javax\validation\validation-api\2.0.1.Final\validation-api-2.0.1.Final.jar;C:\Users\JoshuaDasari\.m2\repository\javax\ws\rs\javax.ws.rs-api\2.1.1\javax.ws.rs-api-2.1.1.jar;C:\Users\JoshuaDasari\.m2\repository\io\jsonwebtoken\jjwt\0.9.1\jjwt-0.9.1.jar;C:\Users\JoshuaDasari\.m2\repository\com\fasterxml\jackson\core\jackson-databind\2.11.3\jackson-databind-2.11.3.jar;C:\Users\JoshuaDasari\.m2\repository\com\fasterxml\jackson\core\jackson-annotations\2.11.3\jackson-annotations-2.11.3.jar;C:\Users\JoshuaDasari\.m2\repository\com\fasterxml\jackson\core\jackson-core\2.11.3\jackson-core-2.11.3.jar;C:\Users\JoshuaDasari\.m2\repository\com\ibm\db2\jcc\11.5.0.0\jcc-11.5.0.0.jar;C:\Users\JoshuaDasari\.m2\repository\org\apache\commons\commons-text\1.9\commons-text-1.9.jar;C:\Users\JoshuaDasari\.m2\repository\org\apache\commons\commons-lang3\3.11\commons-lang3-3.11.jar;C:\Users\JoshuaDasari\.m2\repository\org\springframework\boot\spring-boot-starter-data-jpa\2.4.0\spring-boot-starter-data-jpa-2.4.0.jar;C:\Users\JoshuaDasari\.m2\repository\org\springframework\boot\spring-boot-starter-aop\2.4.0\spring-boot-starter-aop-2.4.0.jar;C:\Users\JoshuaDasari\.m2\repository\org\aspectj\aspectjweaver\1.9.6\aspectjweaver-1.9.6.jar;C:\Users\JoshuaDasari\.m2\repository\org\springframework\boot\spring-boot-starter-jdbc\2.4.0\spring-boot-starter-jdbc-2.4.0.jar;C:\Users\JoshuaDasari\.m2\repository\com\zaxxer\HikariCP\3.4.5\HikariCP-3.4.5.jar;C:\Users\JoshuaDasari\.m2\repository\org\springframework\spring-jdbc\5.3.1\spring-jdbc-5.3.1.jar;C:\Users\JoshuaDasari\.m2\repository\jakarta\transaction\jakarta.transaction-api\1.3.3\jakarta.transaction-api-1.3.3.jar;C:\Users\JoshuaDasari\.m2\repository\jakarta\persistence\jakarta.persistence-api\2.2.3\jakarta.persistence-api-2.2.3.jar;C:\Users\JoshuaDasari\.m2\repository\org\hibernate\hibernate-core\5.4.23.Final\hibernate-core-5.4.23.Final.jar;C:\Users\JoshuaDasari\.m2\repository\org\jboss\logging\jboss-logging\3.4.1.Final\jboss-logging-3.4.1.Final.jar;C:\Users\JoshuaDasari\.m2\repository\org\javassist\javassist\3.24.0-GA\javassist-3.24.0-GA.jar;C:\Users\JoshuaDasari\.m2\repository\net\bytebuddy\byte-buddy\1.10.18\byte-buddy-1.10.18.jar;C:\Users\JoshuaDasari\.m2\repository\antlr\antlr\2.7.7\antlr-2.7.7.jar;C:\Users\JoshuaDasari\.m2\repository\org\jboss\jandex\2.1.3.Final\jandex-2.1.3.Final.jar;C:\Users\JoshuaDasari\.m2\repository\com\fasterxml\classmate\1.5.1\classmate-1.5.1.jar;C:\Users\JoshuaDasari\.m2\repository\org\dom4j\dom4j\2.1.3\dom4j-2.1.3.jar;C:\Users\JoshuaDasari\.m2\repository\org\hibernate\common\hibernate-commons-annotations\5.1.2.Final\hibernate-commons-annotations-5.1.2.Final.jar;C:\Users\JoshuaDasari\.m2\repository\org\glassfish\jaxb\jaxb-runtime\2.3.3\jaxb-runtime-2.3.3.jar;C:\Users\JoshuaDasari\.m2\repository\org\glassfish\jaxb\txw2\2.3.3\txw2-2.3.3.jar;C:\Users\JoshuaDasari\.m2\repository\com\sun\istack\istack-commons-runtime\3.0.11\istack-commons-runtime-3.0.11.jar;C:\Users\JoshuaDasari\.m2\repository\com\sun\activation\jakarta.activation\1.2.2\jakarta.activation-1.2.2.jar;C:\Users\JoshuaDasari\.m2\repository\org\springframework\data\spring-data-jpa\2.4.1\spring-data-jpa-2.4.1.jar;C:\Users\JoshuaDasari\.m2\repository\org\springframework\data\spring-data-commons\2.4.1\spring-data-commons-2.4.1.jar;C:\Users\JoshuaDasari\.m2\repository\org\springframework\spring-orm\5.3.1\spring-orm-5.3.1.jar;C:\Users\JoshuaDasari\.m2\repository\org\springframework\spring-context\5.3.1\spring-context-5.3.1.jar;C:\Users\JoshuaDasari\.m2\repository\org\springframework\spring-tx\5.3.1\spring-tx-5.3.1.jar;C:\Users\JoshuaDasari\.m2\repository\org\springframework\spring-beans\5.3.1\spring-beans-5.3.1.jar;C:\Users\JoshuaDasari\.m2\repository\org\slf4j\slf4j-api\1.7.30\slf4j-api-1.7.30.jar;C:\Users\JoshuaDasari\.m2\repository\org\springframework\spring-aspects\5.3.1\spring-aspects-5.3.1.jar;C:\Users\JoshuaDasari\.m2\repository\org\springframework\boot\spring-boot-starter\2.4.0\spring-boot-starter-2.4.0.jar;C:\Users\JoshuaDasari\.m2\repository\org\springframework\boot\spring-boot\2.4.0\spring-boot-2.4.0.jar;C:\Users\JoshuaDasari\.m2\repository\org\springframework\boot\spring-boot-autoconfigure\2.4.0\spring-boot-autoconfigure-2.4.0.jar;C:\Users\JoshuaDasari\.m2\repository\org\springframework\boot\spring-boot-starter-logging\2.4.0\spring-boot-starter-logging-2.4.0.jar;C:\Users\JoshuaDasari\.m2\repository\ch\qos\logback\logback-classic\1.2.3\logback-classic-1.2.3.jar;C:\Users\JoshuaDasari\.m2\repository\ch\qos\logback\logback-core\1.2.3\logback-core-1.2.3.jar;C:\Users\JoshuaDasari\.m2\repository\org\apache\logging\log4j\log4j-to-slf4j\2.13.3\log4j-to-slf4j-2.13.3.jar;C:\Users\JoshuaDasari\.m2\repository\org\apache\logging\log4j\log4j-api\2.13.3\log4j-api-2.13.3.jar;C:\Users\JoshuaDasari\.m2\repository\org\slf4j\jul-to-slf4j\1.7.30\jul-to-slf4j-1.7.30.jar;C:\Users\JoshuaDasari\.m2\repository\jakarta\annotation\jakarta.annotation-api\1.3.5\jakarta.annotation-api-1.3.5.jar;C:\Users\JoshuaDasari\.m2\repository\org\springframework\spring-core\5.3.1\spring-core-5.3.1.jar;C:\Users\JoshuaDasari\.m2\repository\org\springframework\spring-jcl\5.3.1\spring-jcl-5.3.1.jar;C:\Users\JoshuaDasari\.m2\repository\org\yaml\snakeyaml\1.27\snakeyaml-1.27.jar;C:\Users\JoshuaDasari\.m2\repository\org\springframework\boot\spring-boot-starter-web\2.4.0\spring-boot-starter-web-2.4.0.jar;C:\Users\JoshuaDasari\.m2\repository\org\springframework\boot\spring-boot-starter-json\2.4.0\spring-boot-starter-json-2.4.0.jar;C:\Users\JoshuaDasari\.m2\repository\com\fasterxml\jackson\datatype\jackson-datatype-jdk8\2.11.3\jackson-datatype-jdk8-2.11.3.jar;C:\Users\JoshuaDasari\.m2\repository\com\fasterxml\jackson\datatype\jackson-datatype-jsr310\2.11.3\jackson-datatype-jsr310-2.11.3.jar;C:\Users\JoshuaDasari\.m2\repository\com\fasterxml\jackson\module\jackson-module-parameter-names\2.11.3\jackson-module-parameter-names-2.11.3.jar;C:\Users\JoshuaDasari\.m2\repository\org\springframework\spring-web\5.3.1\spring-web-5.3.1.jar;C:\Users\JoshuaDasari\.m2\repository\org\springframework\spring-webmvc\5.3.1\spring-webmvc-5.3.1.jar;C:\Users\JoshuaDasari\.m2\repository\org\springframework\spring-expression\5.3.1\spring-expression-5.3.1.jar;C:\Users\JoshuaDasari\.m2\repository\org\springframework\boot\spring-boot-starter-jetty\2.4.0\spring-boot-starter-jetty-2.4.0.jar;C:\Users\JoshuaDasari\.m2\repository\jakarta\servlet\jakarta.servlet-api\4.0.4\jakarta.servlet-api-4.0.4.jar;C:\Users\JoshuaDasari\.m2\repository\jakarta\websocket\jakarta.websocket-api\1.1.2\jakarta.websocket-api-1.1.2.jar;C:\Users\JoshuaDasari\.m2\repository\org\eclipse\jetty\jetty-servlets\9.4.34.v20201102\jetty-servlets-9.4.34.v20201102.jar;C:\Users\JoshuaDasari\.m2\repository\org\eclipse\jetty\jetty-continuation\9.4.34.v20201102\jetty-continuation-9.4.34.v20201102.jar;C:\Users\JoshuaDasari\.m2\repository\org\eclipse\jetty\jetty-http\9.4.34.v20201102\jetty-http-9.4.34.v20201102.jar;C:\Users\JoshuaDasari\.m2\repository\org\eclipse\jetty\jetty-util\9.4.34.v20201102\jetty-util-9.4.34.v20201102.jar;C:\Users\JoshuaDasari\.m2\repository\org\eclipse\jetty\jetty-io\9.4.34.v20201102\jetty-io-9.4.34.v20201102.jar;C:\Users\JoshuaDasari\.m2\repository\org\eclipse\jetty\jetty-webapp\9.4.34.v20201102\jetty-webapp-9.4.34.v20201102.jar;C:\Users\JoshuaDasari\.m2\repository\org\eclipse\jetty\jetty-xml\9.4.34.v20201102\jetty-xml-9.4.34.v20201102.jar;C:\Users\JoshuaDasari\.m2\repository\org\eclipse\jetty\jetty-servlet\9.4.34.v20201102\jetty-servlet-9.4.34.v20201102.jar;C:\Users\JoshuaDasari\.m2\repository\org\eclipse\jetty\jetty-security\9.4.34.v20201102\jetty-security-9.4.34.v20201102.jar;C:\Users\JoshuaDasari\.m2\repository\org\eclipse\jetty\jetty-server\9.4.34.v20201102\jetty-server-9.4.34.v20201102.jar;C:\Users\JoshuaDasari\.m2\repository\org\eclipse\jetty\websocket\websocket-server\9.4.34.v20201102\websocket-server-9.4.34.v20201102.jar;C:\Users\JoshuaDasari\.m2\repository\org\eclipse\jetty\websocket\websocket-common\9.4.34.v20201102\websocket-common-9.4.34.v20201102.jar;C:\Users\JoshuaDasari\.m2\repository\org\eclipse\jetty\websocket\websocket-api\9.4.34.v20201102\websocket-api-9.4.34.v20201102.jar;C:\Users\JoshuaDasari\.m2\repository\org\eclipse\jetty\websocket\websocket-client\9.4.34.v20201102\websocket-client-9.4.34.v20201102.jar;C:\Users\JoshuaDasari\.m2\repository\org\eclipse\jetty\jetty-client\9.4.34.v20201102\jetty-client-9.4.34.v20201102.jar;C:\Users\JoshuaDasari\.m2\repository\org\eclipse\jetty\websocket\websocket-servlet\9.4.34.v20201102\websocket-servlet-9.4.34.v20201102.jar;C:\Users\JoshuaDasari\.m2\repository\org\eclipse\jetty\websocket\javax-websocket-server-impl\9.4.34.v20201102\javax-websocket-server-impl-9.4.34.v20201102.jar;C:\Users\JoshuaDasari\.m2\repository\org\eclipse\jetty\jetty-annotations\9.4.34.v20201102\jetty-annotations-9.4.34.v20201102.jar;C:\Users\JoshuaDasari\.m2\repository\org\eclipse\jetty\jetty-plus\9.4.34.v20201102\jetty-plus-9.4.34.v20201102.jar;C:\Users\JoshuaDasari\.m2\repository\org\ow2\asm\asm\9.0\asm-9.0.jar;C:\Users\JoshuaDasari\.m2\repository\org\ow2\asm\asm-commons\9.0\asm-commons-9.0.jar;C:\Users\JoshuaDasari\.m2\repository\org\ow2\asm\asm-tree\9.0\asm-tree-9.0.jar;C:\Users\JoshuaDasari\.m2\repository\org\ow2\asm\asm-analysis\9.0\asm-analysis-9.0.jar;C:\Users\JoshuaDasari\.m2\repository\org\eclipse\jetty\websocket\javax-websocket-client-impl\9.4.34.v20201102\javax-websocket-client-impl-9.4.34.v20201102.jar;C:\Users\JoshuaDasari\.m2\repository\org\glassfish\jakarta.el\3.0.3\jakarta.el-3.0.3.jar;C:\Users\JoshuaDasari\.m2\repository\org\springframework\boot\spring-boot-starter-validation\2.4.0\spring-boot-starter-validation-2.4.0.jar;C:\Users\JoshuaDasari\.m2\repository\org\hibernate\validator\hibernate-validator\6.1.6.Final\hibernate-validator-6.1.6.Final.jar;C:\Users\JoshuaDasari\.m2\repository\jakarta\validation\jakarta.validation-api\2.0.2\jakarta.validation-api-2.0.2.jar;C:\Users\JoshuaDasari\.m2\repository\org\springframework\boot\spring-boot-starter-security\2.4.0\spring-boot-starter-security-2.4.0.jar;C:\Users\JoshuaDasari\.m2\repository\org\springframework\spring-aop\5.3.1\spring-aop-5.3.1.jar;C:\Users\JoshuaDasari\.m2\repository\org\springframework\security\spring-security-config\5.4.1\spring-security-config-5.4.1.jar;C:\Users\JoshuaDasari\.m2\repository\org\springframework\security\spring-security-core\5.4.1\spring-security-core-5.4.1.jar;C:\Users\JoshuaDasari\.m2\repository\org\springframework\security\spring-security-web\5.4.1\spring-security-web-5.4.1.jar;C:\Users\JoshuaDasari\.m2\repository\org\keycloak\keycloak-spring-boot-starter\11.0.3\keycloak-spring-boot-starter-11.0.3.jar;C:\Users\JoshuaDasari\.m2\repository\org\keycloak\keycloak-spring-boot-2-adapter\11.0.3\keycloak-spring-boot-2-adapter-11.0.3.jar;C:\Users\JoshuaDasari\.m2\repository\org\keycloak\keycloak-spring-boot-adapter-core\11.0.3\keycloak-spring-boot-adapter-core-11.0.3.jar;C:\Users\JoshuaDasari\.m2\repository\org\keycloak\keycloak-core\11.0.3\keycloak-core-11.0.3.jar;C:\Users\JoshuaDasari\.m2\repository\org\keycloak\keycloak-common\11.0.3\keycloak-common-11.0.3.jar;C:\Users\JoshuaDasari\.m2\repository\org\bouncycastle\bcpkix-jdk15on\1.65\bcpkix-jdk15on-1.65.jar;C:\Users\JoshuaDasari\.m2\repository\org\keycloak\keycloak-authz-client\11.0.3\keycloak-authz-client-11.0.3.jar;C:\Users\JoshuaDasari\.m2\repository\org\apache\httpcomponents\httpclient\4.5.13\httpclient-4.5.13.jar;C:\Users\JoshuaDasari\.m2\repository\org\apache\httpcomponents\httpcore\4.4.13\httpcore-4.4.13.jar;C:\Users\JoshuaDasari\.m2\repository\commons-codec\commons-codec\1.15\commons-codec-1.15.jar;C:\Users\JoshuaDasari\.m2\repository\org\keycloak\spring-boot-container-bundle\11.0.3\spring-boot-container-bundle-11.0.3.jar;C:\Users\JoshuaDasari\.m2\repository\org\keycloak\keycloak-spring-security-adapter\11.0.3\keycloak-spring-security-adapter-11.0.3.jar;C:\Users\JoshuaDasari\.m2\repository\org\keycloak\keycloak-adapter-spi\11.0.3\keycloak-adapter-spi-11.0.3.jar;C:\Users\JoshuaDasari\.m2\repository\org\keycloak\keycloak-adapter-core\11.0.3\keycloak-adapter-core-11.0.3.jar;C:\Users\JoshuaDasari\.m2\repository\org\bouncycastle\bcprov-jdk15on\1.65\bcprov-jdk15on-1.65.jar;C:\Users\JoshuaDasari\.m2\repository\org\springframework\boot\spring-boot-devtools\2.4.0\spring-boot-devtools-2.4.0.jar;C:\Users\JoshuaDasari\.m2\repository\org\projectlombok\lombok\1.18.16\lombok-1.18.16.jar;C:\Users\JoshuaDasari\.m2\repository\org\springframework\boot\spring-boot-starter-test\2.4.0\spring-boot-starter-test-2.4.0.jar;C:\Users\JoshuaDasari\.m2\repository\org\springframework\boot\spring-boot-test\2.4.0\spring-boot-test-2.4.0.jar;C:\Users\JoshuaDasari\.m2\repository\org\springframework\boot\spring-boot-test-autoconfigure\2.4.0\spring-boot-test-autoconfigure-2.4.0.jar;C:\Users\JoshuaDasari\.m2\repository\com\jayway\jsonpath\json-path\2.4.0\json-path-2.4.0.jar;C:\Users\JoshuaDasari\.m2\repository\net\minidev\json-smart\2.3\json-smart-2.3.jar;C:\Users\JoshuaDasari\.m2\repository\net\minidev\accessors-smart\1.2\accessors-smart-1.2.jar;C:\Users\JoshuaDasari\.m2\repository\jakarta\xml\bind\jakarta.xml.bind-api\2.3.3\jakarta.xml.bind-api-2.3.3.jar;C:\Users\JoshuaDasari\.m2\repository\jakarta\activation\jakarta.activation-api\1.2.2\jakarta.activation-api-1.2.2.jar;C:\Users\JoshuaDasari\.m2\repository\org\assertj\assertj-core\3.18.1\assertj-core-3.18.1.jar;C:\Users\JoshuaDasari\.m2\repository\org\hamcrest\hamcrest\2.2\hamcrest-2.2.jar;C:\Users\JoshuaDasari\.m2\repository\org\junit\jupiter\junit-jupiter\5.7.0\junit-jupiter-5.7.0.jar;C:\Users\JoshuaDasari\.m2\repository\org\junit\jupiter\junit-jupiter-api\5.7.0\junit-jupiter-api-5.7.0.jar;C:\Users\JoshuaDasari\.m2\repository\org\apiguardian\apiguardian-api\1.1.0\apiguardian-api-1.1.0.jar;C:\Users\JoshuaDasari\.m2\repository\org\opentest4j\opentest4j\1.2.0\opentest4j-1.2.0.jar;C:\Users\JoshuaDasari\.m2\repository\org\junit\platform\junit-platform-commons\1.7.0\junit-platform-commons-1.7.0.jar;C:\Users\JoshuaDasari\.m2\repository\org\junit\jupiter\junit-jupiter-params\5.7.0\junit-jupiter-params-5.7.0.jar;C:\Users\JoshuaDasari\.m2\repository\org\junit\jupiter\junit-jupiter-engine\5.7.0\junit-jupiter-engine-5.7.0.jar;C:\Users\JoshuaDasari\.m2\repository\org\junit\platform\junit-platform-engine\1.7.0\junit-platform-engine-1.7.0.jar;C:\Users\JoshuaDasari\.m2\repository\org\mockito\mockito-core\3.6.0\mockito-core-3.6.0.jar;C:\Users\JoshuaDasari\.m2\repository\net\bytebuddy\byte-buddy-agent\1.10.18\byte-buddy-agent-1.10.18.jar;C:\Users\JoshuaDasari\.m2\repository\org\objenesis\objenesis\3.1\objenesis-3.1.jar;C:\Users\JoshuaDasari\.m2\repository\org\mockito\mockito-junit-jupiter\3.6.0\mockito-junit-jupiter-3.6.0.jar;C:\Users\JoshuaDasari\.m2\repository\org\skyscreamer\jsonassert\1.5.0\jsonassert-1.5.0.jar;C:\Users\JoshuaDasari\.m2\repository\org\springframework\spring-test\5.3.1\spring-test-5.3.1.jar;C:\Users\JoshuaDasari\.m2\repository\org\xmlunit\xmlunit-core\2.7.0\xmlunit-core-2.7.0.jar;"/>
    <property name="java.vm.vendor" value="Oracle Corporation"/>
    <property name="sun.arch.data.model" value="64"/>
    <property name="user.variant" value=""/>
    <property name="java.vendor.url" value="https://java.oracle.com/"/>
    <property name="user.timezone" value="Asia/Calcutta"/>
    <property name="os.name" value="Windows 10"/>
    <property name="java.vm.specification.version" value="15"/>
    <property name="sun.java.launcher" value="SUN_STANDARD"/>
    <property name="user.country" value="IN"/>
    <property name="sun.boot.library.path" value="C:\Users\JoshuaDasari\Downloads\sts-4.10.0.RELEASE\plugins\org.eclipse.justj.openjdk.hotspot.jre.full.win32.x86_64_15.0.2.v20210201-0955\jre\bin"/>
    <property name="sun.java.command" value="C:\Users\JOSHUA~1\AppData\Local\Temp\surefire3423183512818049017\surefirebooter14823632620533795164.jar C:\Users\JoshuaDasari\AppData\Local\Temp\surefire3423183512818049017 2021-08-12T13-17-34_000-jvmRun1 surefire15707379195779929897tmp surefire_0817682443154610162tmp"/>
    <property name="jdk.debug" value="release"/>
    <property name="surefire.test.class.path" value="C:\Users\JoshuaDasari\Downloads\spring-keycloak-multi-tenant-master\target\test-classes;C:\Users\JoshuaDasari\Downloads\spring-keycloak-multi-tenant-master\target\classes;C:\Users\JoshuaDasari\.m2\repository\log4j\log4j\1.2.17\log4j-1.2.17.jar;C:\Users\JoshuaDasari\.m2\repository\org\json\json\20200518\json-20200518.jar;C:\Users\JoshuaDasari\.m2\repository\javax\validation\validation-api\2.0.1.Final\validation-api-2.0.1.Final.jar;C:\Users\JoshuaDasari\.m2\repository\javax\ws\rs\javax.ws.rs-api\2.1.1\javax.ws.rs-api-2.1.1.jar;C:\Users\JoshuaDasari\.m2\repository\io\jsonwebtoken\jjwt\0.9.1\jjwt-0.9.1.jar;C:\Users\JoshuaDasari\.m2\repository\com\fasterxml\jackson\core\jackson-databind\2.11.3\jackson-databind-2.11.3.jar;C:\Users\JoshuaDasari\.m2\repository\com\fasterxml\jackson\core\jackson-annotations\2.11.3\jackson-annotations-2.11.3.jar;C:\Users\JoshuaDasari\.m2\repository\com\fasterxml\jackson\core\jackson-core\2.11.3\jackson-core-2.11.3.jar;C:\Users\JoshuaDasari\.m2\repository\com\ibm\db2\jcc\11.5.0.0\jcc-11.5.0.0.jar;C:\Users\JoshuaDasari\.m2\repository\org\apache\commons\commons-text\1.9\commons-text-1.9.jar;C:\Users\JoshuaDasari\.m2\repository\org\apache\commons\commons-lang3\3.11\commons-lang3-3.11.jar;C:\Users\JoshuaDasari\.m2\repository\org\springframework\boot\spring-boot-starter-data-jpa\2.4.0\spring-boot-starter-data-jpa-2.4.0.jar;C:\Users\JoshuaDasari\.m2\repository\org\springframework\boot\spring-boot-starter-aop\2.4.0\spring-boot-starter-aop-2.4.0.jar;C:\Users\JoshuaDasari\.m2\repository\org\aspectj\aspectjweaver\1.9.6\aspectjweaver-1.9.6.jar;C:\Users\JoshuaDasari\.m2\repository\org\springframework\boot\spring-boot-starter-jdbc\2.4.0\spring-boot-starter-jdbc-2.4.0.jar;C:\Users\JoshuaDasari\.m2\repository\com\zaxxer\HikariCP\3.4.5\HikariCP-3.4.5.jar;C:\Users\JoshuaDasari\.m2\repository\org\springframework\spring-jdbc\5.3.1\spring-jdbc-5.3.1.jar;C:\Users\JoshuaDasari\.m2\repository\jakarta\transaction\jakarta.transaction-api\1.3.3\jakarta.transaction-api-1.3.3.jar;C:\Users\JoshuaDasari\.m2\repository\jakarta\persistence\jakarta.persistence-api\2.2.3\jakarta.persistence-api-2.2.3.jar;C:\Users\JoshuaDasari\.m2\repository\org\hibernate\hibernate-core\5.4.23.Final\hibernate-core-5.4.23.Final.jar;C:\Users\JoshuaDasari\.m2\repository\org\jboss\logging\jboss-logging\3.4.1.Final\jboss-logging-3.4.1.Final.jar;C:\Users\JoshuaDasari\.m2\repository\org\javassist\javassist\3.24.0-GA\javassist-3.24.0-GA.jar;C:\Users\JoshuaDasari\.m2\repository\net\bytebuddy\byte-buddy\1.10.18\byte-buddy-1.10.18.jar;C:\Users\JoshuaDasari\.m2\repository\antlr\antlr\2.7.7\antlr-2.7.7.jar;C:\Users\JoshuaDasari\.m2\repository\org\jboss\jandex\2.1.3.Final\jandex-2.1.3.Final.jar;C:\Users\JoshuaDasari\.m2\repository\com\fasterxml\classmate\1.5.1\classmate-1.5.1.jar;C:\Users\JoshuaDasari\.m2\repository\org\dom4j\dom4j\2.1.3\dom4j-2.1.3.jar;C:\Users\JoshuaDasari\.m2\repository\org\hibernate\common\hibernate-commons-annotations\5.1.2.Final\hibernate-commons-annotations-5.1.2.Final.jar;C:\Users\JoshuaDasari\.m2\repository\org\glassfish\jaxb\jaxb-runtime\2.3.3\jaxb-runtime-2.3.3.jar;C:\Users\JoshuaDasari\.m2\repository\org\glassfish\jaxb\txw2\2.3.3\txw2-2.3.3.jar;C:\Users\JoshuaDasari\.m2\repository\com\sun\istack\istack-commons-runtime\3.0.11\istack-commons-runtime-3.0.11.jar;C:\Users\JoshuaDasari\.m2\repository\com\sun\activation\jakarta.activation\1.2.2\jakarta.activation-1.2.2.jar;C:\Users\JoshuaDasari\.m2\repository\org\springframework\data\spring-data-jpa\2.4.1\spring-data-jpa-2.4.1.jar;C:\Users\JoshuaDasari\.m2\repository\org\springframework\data\spring-data-commons\2.4.1\spring-data-commons-2.4.1.jar;C:\Users\JoshuaDasari\.m2\repository\org\springframework\spring-orm\5.3.1\spring-orm-5.3.1.jar;C:\Users\JoshuaDasari\.m2\repository\org\springframework\spring-context\5.3.1\spring-context-5.3.1.jar;C:\Users\JoshuaDasari\.m2\repository\org\springframework\spring-tx\5.3.1\spring-tx-5.3.1.jar;C:\Users\JoshuaDasari\.m2\repository\org\springframework\spring-beans\5.3.1\spring-beans-5.3.1.jar;C:\Users\JoshuaDasari\.m2\repository\org\slf4j\slf4j-api\1.7.30\slf4j-api-1.7.30.jar;C:\Users\JoshuaDasari\.m2\repository\org\springframework\spring-aspects\5.3.1\spring-aspects-5.3.1.jar;C:\Users\JoshuaDasari\.m2\repository\org\springframework\boot\spring-boot-starter\2.4.0\spring-boot-starter-2.4.0.jar;C:\Users\JoshuaDasari\.m2\repository\org\springframework\boot\spring-boot\2.4.0\spring-boot-2.4.0.jar;C:\Users\JoshuaDasari\.m2\repository\org\springframework\boot\spring-boot-autoconfigure\2.4.0\spring-boot-autoconfigure-2.4.0.jar;C:\Users\JoshuaDasari\.m2\repository\org\springframework\boot\spring-boot-starter-logging\2.4.0\spring-boot-starter-logging-2.4.0.jar;C:\Users\JoshuaDasari\.m2\repository\ch\qos\logback\logback-classic\1.2.3\logback-classic-1.2.3.jar;C:\Users\JoshuaDasari\.m2\repository\ch\qos\logback\logback-core\1.2.3\logback-core-1.2.3.jar;C:\Users\JoshuaDasari\.m2\repository\org\apache\logging\log4j\log4j-to-slf4j\2.13.3\log4j-to-slf4j-2.13.3.jar;C:\Users\JoshuaDasari\.m2\repository\org\apache\logging\log4j\log4j-api\2.13.3\log4j-api-2.13.3.jar;C:\Users\JoshuaDasari\.m2\repository\org\slf4j\jul-to-slf4j\1.7.30\jul-to-slf4j-1.7.30.jar;C:\Users\JoshuaDasari\.m2\repository\jakarta\annotation\jakarta.annotation-api\1.3.5\jakarta.annotation-api-1.3.5.jar;C:\Users\JoshuaDasari\.m2\repository\org\springframework\spring-core\5.3.1\spring-core-5.3.1.jar;C:\Users\JoshuaDasari\.m2\repository\org\springframework\spring-jcl\5.3.1\spring-jcl-5.3.1.jar;C:\Users\JoshuaDasari\.m2\repository\org\yaml\snakeyaml\1.27\snakeyaml-1.27.jar;C:\Users\JoshuaDasari\.m2\repository\org\springframework\boot\spring-boot-starter-web\2.4.0\spring-boot-starter-web-2.4.0.jar;C:\Users\JoshuaDasari\.m2\repository\org\springframework\boot\spring-boot-starter-json\2.4.0\spring-boot-starter-json-2.4.0.jar;C:\Users\JoshuaDasari\.m2\repository\com\fasterxml\jackson\datatype\jackson-datatype-jdk8\2.11.3\jackson-datatype-jdk8-2.11.3.jar;C:\Users\JoshuaDasari\.m2\repository\com\fasterxml\jackson\datatype\jackson-datatype-jsr310\2.11.3\jackson-datatype-jsr310-2.11.3.jar;C:\Users\JoshuaDasari\.m2\repository\com\fasterxml\jackson\module\jackson-module-parameter-names\2.11.3\jackson-module-parameter-names-2.11.3.jar;C:\Users\JoshuaDasari\.m2\repository\org\springframework\spring-web\5.3.1\spring-web-5.3.1.jar;C:\Users\JoshuaDasari\.m2\repository\org\springframework\spring-webmvc\5.3.1\spring-webmvc-5.3.1.jar;C:\Users\JoshuaDasari\.m2\repository\org\springframework\spring-expression\5.3.1\spring-expression-5.3.1.jar;C:\Users\JoshuaDasari\.m2\repository\org\springframework\boot\spring-boot-starter-jetty\2.4.0\spring-boot-starter-jetty-2.4.0.jar;C:\Users\JoshuaDasari\.m2\repository\jakarta\servlet\jakarta.servlet-api\4.0.4\jakarta.servlet-api-4.0.4.jar;C:\Users\JoshuaDasari\.m2\repository\jakarta\websocket\jakarta.websocket-api\1.1.2\jakarta.websocket-api-1.1.2.jar;C:\Users\JoshuaDasari\.m2\repository\org\eclipse\jetty\jetty-servlets\9.4.34.v20201102\jetty-servlets-9.4.34.v20201102.jar;C:\Users\JoshuaDasari\.m2\repository\org\eclipse\jetty\jetty-continuation\9.4.34.v20201102\jetty-continuation-9.4.34.v20201102.jar;C:\Users\JoshuaDasari\.m2\repository\org\eclipse\jetty\jetty-http\9.4.34.v20201102\jetty-http-9.4.34.v20201102.jar;C:\Users\JoshuaDasari\.m2\repository\org\eclipse\jetty\jetty-util\9.4.34.v20201102\jetty-util-9.4.34.v20201102.jar;C:\Users\JoshuaDasari\.m2\repository\org\eclipse\jetty\jetty-io\9.4.34.v20201102\jetty-io-9.4.34.v20201102.jar;C:\Users\JoshuaDasari\.m2\repository\org\eclipse\jetty\jetty-webapp\9.4.34.v20201102\jetty-webapp-9.4.34.v20201102.jar;C:\Users\JoshuaDasari\.m2\repository\org\eclipse\jetty\jetty-xml\9.4.34.v20201102\jetty-xml-9.4.34.v20201102.jar;C:\Users\JoshuaDasari\.m2\repository\org\eclipse\jetty\jetty-servlet\9.4.34.v20201102\jetty-servlet-9.4.34.v20201102.jar;C:\Users\JoshuaDasari\.m2\repository\org\eclipse\jetty\jetty-security\9.4.34.v20201102\jetty-security-9.4.34.v20201102.jar;C:\Users\JoshuaDasari\.m2\repository\org\eclipse\jetty\jetty-server\9.4.34.v20201102\jetty-server-9.4.34.v20201102.jar;C:\Users\JoshuaDasari\.m2\repository\org\eclipse\jetty\websocket\websocket-server\9.4.34.v20201102\websocket-server-9.4.34.v20201102.jar;C:\Users\JoshuaDasari\.m2\repository\org\eclipse\jetty\websocket\websocket-common\9.4.34.v20201102\websocket-common-9.4.34.v20201102.jar;C:\Users\JoshuaDasari\.m2\repository\org\eclipse\jetty\websocket\websocket-api\9.4.34.v20201102\websocket-api-9.4.34.v20201102.jar;C:\Users\JoshuaDasari\.m2\repository\org\eclipse\jetty\websocket\websocket-client\9.4.34.v20201102\websocket-client-9.4.34.v20201102.jar;C:\Users\JoshuaDasari\.m2\repository\org\eclipse\jetty\jetty-client\9.4.34.v20201102\jetty-client-9.4.34.v20201102.jar;C:\Users\JoshuaDasari\.m2\repository\org\eclipse\jetty\websocket\websocket-servlet\9.4.34.v20201102\websocket-servlet-9.4.34.v20201102.jar;C:\Users\JoshuaDasari\.m2\repository\org\eclipse\jetty\websocket\javax-websocket-server-impl\9.4.34.v20201102\javax-websocket-server-impl-9.4.34.v20201102.jar;C:\Users\JoshuaDasari\.m2\repository\org\eclipse\jetty\jetty-annotations\9.4.34.v20201102\jetty-annotations-9.4.34.v20201102.jar;C:\Users\JoshuaDasari\.m2\repository\org\eclipse\jetty\jetty-plus\9.4.34.v20201102\jetty-plus-9.4.34.v20201102.jar;C:\Users\JoshuaDasari\.m2\repository\org\ow2\asm\asm\9.0\asm-9.0.jar;C:\Users\JoshuaDasari\.m2\repository\org\ow2\asm\asm-commons\9.0\asm-commons-9.0.jar;C:\Users\JoshuaDasari\.m2\repository\org\ow2\asm\asm-tree\9.0\asm-tree-9.0.jar;C:\Users\JoshuaDasari\.m2\repository\org\ow2\asm\asm-analysis\9.0\asm-analysis-9.0.jar;C:\Users\JoshuaDasari\.m2\repository\org\eclipse\jetty\websocket\javax-websocket-client-impl\9.4.34.v20201102\javax-websocket-client-impl-9.4.34.v20201102.jar;C:\Users\JoshuaDasari\.m2\repository\org\glassfish\jakarta.el\3.0.3\jakarta.el-3.0.3.jar;C:\Users\JoshuaDasari\.m2\repository\org\springframework\boot\spring-boot-starter-validation\2.4.0\spring-boot-starter-validation-2.4.0.jar;C:\Users\JoshuaDasari\.m2\repository\org\hibernate\validator\hibernate-validator\6.1.6.Final\hibernate-validator-6.1.6.Final.jar;C:\Users\JoshuaDasari\.m2\repository\jakarta\validation\jakarta.validation-api\2.0.2\jakarta.validation-api-2.0.2.jar;C:\Users\JoshuaDasari\.m2\repository\org\springframework\boot\spring-boot-starter-security\2.4.0\spring-boot-starter-security-2.4.0.jar;C:\Users\JoshuaDasari\.m2\repository\org\springframework\spring-aop\5.3.1\spring-aop-5.3.1.jar;C:\Users\JoshuaDasari\.m2\repository\org\springframework\security\spring-security-config\5.4.1\spring-security-config-5.4.1.jar;C:\Users\JoshuaDasari\.m2\repository\org\springframework\security\spring-security-core\5.4.1\spring-security-core-5.4.1.jar;C:\Users\JoshuaDasari\.m2\repository\org\springframework\security\spring-security-web\5.4.1\spring-security-web-5.4.1.jar;C:\Users\JoshuaDasari\.m2\repository\org\keycloak\keycloak-spring-boot-starter\11.0.3\keycloak-spring-boot-starter-11.0.3.jar;C:\Users\JoshuaDasari\.m2\repository\org\keycloak\keycloak-spring-boot-2-adapter\11.0.3\keycloak-spring-boot-2-adapter-11.0.3.jar;C:\Users\JoshuaDasari\.m2\repository\org\keycloak\keycloak-spring-boot-adapter-core\11.0.3\keycloak-spring-boot-adapter-core-11.0.3.jar;C:\Users\JoshuaDasari\.m2\repository\org\keycloak\keycloak-core\11.0.3\keycloak-core-11.0.3.jar;C:\Users\JoshuaDasari\.m2\repository\org\keycloak\keycloak-common\11.0.3\keycloak-common-11.0.3.jar;C:\Users\JoshuaDasari\.m2\repository\org\bouncycastle\bcpkix-jdk15on\1.65\bcpkix-jdk15on-1.65.jar;C:\Users\JoshuaDasari\.m2\repository\org\keycloak\keycloak-authz-client\11.0.3\keycloak-authz-client-11.0.3.jar;C:\Users\JoshuaDasari\.m2\repository\org\apache\httpcomponents\httpclient\4.5.13\httpclient-4.5.13.jar;C:\Users\JoshuaDasari\.m2\repository\org\apache\httpcomponents\httpcore\4.4.13\httpcore-4.4.13.jar;C:\Users\JoshuaDasari\.m2\repository\commons-codec\commons-codec\1.15\commons-codec-1.15.jar;C:\Users\JoshuaDasari\.m2\repository\org\keycloak\spring-boot-container-bundle\11.0.3\spring-boot-container-bundle-11.0.3.jar;C:\Users\JoshuaDasari\.m2\repository\org\keycloak\keycloak-spring-security-adapter\11.0.3\keycloak-spring-security-adapter-11.0.3.jar;C:\Users\JoshuaDasari\.m2\repository\org\keycloak\keycloak-adapter-spi\11.0.3\keycloak-adapter-spi-11.0.3.jar;C:\Users\JoshuaDasari\.m2\repository\org\keycloak\keycloak-adapter-core\11.0.3\keycloak-adapter-core-11.0.3.jar;C:\Users\JoshuaDasari\.m2\repository\org\bouncycastle\bcprov-jdk15on\1.65\bcprov-jdk15on-1.65.jar;C:\Users\JoshuaDasari\.m2\repository\org\springframework\boot\spring-boot-devtools\2.4.0\spring-boot-devtools-2.4.0.jar;C:\Users\JoshuaDasari\.m2\repository\org\projectlombok\lombok\1.18.16\lombok-1.18.16.jar;C:\Users\JoshuaDasari\.m2\repository\org\springframework\boot\spring-boot-starter-test\2.4.0\spring-boot-starter-test-2.4.0.jar;C:\Users\JoshuaDasari\.m2\repository\org\springframework\boot\spring-boot-test\2.4.0\spring-boot-test-2.4.0.jar;C:\Users\JoshuaDasari\.m2\repository\org\springframework\boot\spring-boot-test-autoconfigure\2.4.0\spring-boot-test-autoconfigure-2.4.0.jar;C:\Users\JoshuaDasari\.m2\repository\com\jayway\jsonpath\json-path\2.4.0\json-path-2.4.0.jar;C:\Users\JoshuaDasari\.m2\repository\net\minidev\json-smart\2.3\json-smart-2.3.jar;C:\Users\JoshuaDasari\.m2\repository\net\minidev\accessors-smart\1.2\accessors-smart-1.2.jar;C:\Users\JoshuaDasari\.m2\repository\jakarta\xml\bind\jakarta.xml.bind-api\2.3.3\jakarta.xml.bind-api-2.3.3.jar;C:\Users\JoshuaDasari\.m2\repository\jakarta\activation\jakarta.activation-api\1.2.2\jakarta.activation-api-1.2.2.jar;C:\Users\JoshuaDasari\.m2\repository\org\assertj\assertj-core\3.18.1\assertj-core-3.18.1.jar;C:\Users\JoshuaDasari\.m2\repository\org\hamcrest\hamcrest\2.2\hamcrest-2.2.jar;C:\Users\JoshuaDasari\.m2\repository\org\junit\jupiter\junit-jupiter\5.7.0\junit-jupiter-5.7.0.jar;C:\Users\JoshuaDasari\.m2\repository\org\junit\jupiter\junit-jupiter-api\5.7.0\junit-jupiter-api-5.7.0.jar;C:\Users\JoshuaDasari\.m2\repository\org\apiguardian\apiguardian-api\1.1.0\apiguardian-api-1.1.0.jar;C:\Users\JoshuaDasari\.m2\repository\org\opentest4j\opentest4j\1.2.0\opentest4j-1.2.0.jar;C:\Users\JoshuaDasari\.m2\repository\org\junit\platform\junit-platform-commons\1.7.0\junit-platform-commons-1.7.0.jar;C:\Users\JoshuaDasari\.m2\repository\org\junit\jupiter\junit-jupiter-params\5.7.0\junit-jupiter-params-5.7.0.jar;C:\Users\JoshuaDasari\.m2\repository\org\junit\jupiter\junit-jupiter-engine\5.7.0\junit-jupiter-engine-5.7.0.jar;C:\Users\JoshuaDasari\.m2\repository\org\junit\platform\junit-platform-engine\1.7.0\junit-platform-engine-1.7.0.jar;C:\Users\JoshuaDasari\.m2\repository\org\mockito\mockito-core\3.6.0\mockito-core-3.6.0.jar;C:\Users\JoshuaDasari\.m2\repository\net\bytebuddy\byte-buddy-agent\1.10.18\byte-buddy-agent-1.10.18.jar;C:\Users\JoshuaDasari\.m2\repository\org\objenesis\objenesis\3.1\objenesis-3.1.jar;C:\Users\JoshuaDasari\.m2\repository\org\mockito\mockito-junit-jupiter\3.6.0\mockito-junit-jupiter-3.6.0.jar;C:\Users\JoshuaDasari\.m2\repository\org\skyscreamer\jsonassert\1.5.0\jsonassert-1.5.0.jar;C:\Users\JoshuaDasari\.m2\repository\org\springframework\spring-test\5.3.1\spring-test-5.3.1.jar;C:\Users\JoshuaDasari\.m2\repository\org\xmlunit\xmlunit-core\2.7.0\xmlunit-core-2.7.0.jar;"/>
    <property name="sun.cpu.endian" value="little"/>
    <property name="user.home" value="C:\Users\JoshuaDasari"/>
    <property name="user.language" value="en"/>
    <property name="java.specification.vendor" value="Oracle Corporation"/>
    <property name="java.version.date" value="2021-01-19"/>
    <property name="java.home" value="C:\Users\JoshuaDasari\Downloads\sts-4.10.0.RELEASE\plugins\org.eclipse.justj.openjdk.hotspot.jre.full.win32.x86_64_15.0.2.v20210201-0955\jre"/>
    <property name="file.separator" value="\"/>
    <property name="style.color" value="always"/>
    <property name="basedir" value="C:\Users\JoshuaDasari\Downloads\spring-keycloak-multi-tenant-master"/>
    <property name="java.vm.compressedOopsMode" value="32-bit"/>
    <property name="line.separator" value="&#10;"/>
    <property name="java.vm.specification.vendor" value="Oracle Corporation"/>
    <property name="java.specification.name" value="Java Platform API Specification"/>
    <property name="surefire.real.class.path" value="C:\Users\JOSHUA~1\AppData\Local\Temp\surefire3423183512818049017\surefirebooter14823632620533795164.jar"/>
    <property name="user.script" value=""/>
    <property name="sun.management.compiler" value="HotSpot 64-Bit Tiered Compilers"/>
    <property name="java.runtime.version" value="15.0.2+7-27"/>
    <property name="user.name" value="05036X744"/>
    <property name="path.separator" value=";"/>
    <property name="os.version" value="10.0"/>
    <property name="java.runtime.name" value="OpenJDK Runtime Environment"/>
    <property name="file.encoding" value="Cp1252"/>
    <property name="java.vm.name" value="OpenJDK 64-Bit Server VM"/>
    <property name="localRepository" value="C:\Users\JoshuaDasari\.m2\repository"/>
    <property name="java.vendor.url.bug" value="https://bugreport.java.com/bugreport/"/>
    <property name="java.io.tmpdir" value="C:\Users\JOSHUA~1\AppData\Local\Temp\"/>
    <property name="java.version" value="15.0.2"/>
    <property name="user.dir" value="C:\Users\JoshuaDasari\Downloads\spring-keycloak-multi-tenant-master"/>
    <property name="os.arch" value="amd64"/>
    <property name="java.vm.specification.name" value="Java Virtual Machine Specification"/>
    <property name="sun.os.patch.level" value=""/>
    <property name="java.library.path" value="C:\Users\JoshuaDasari\Downloads\sts-4.10.0.RELEASE\plugins\org.eclipse.justj.openjdk.hotspot.jre.full.win32.x86_64_15.0.2.v20210201-0955\jre\bin;C:\WINDOWS\Sun\Java\bin;C:\WINDOWS\system32;C:\WINDOWS;C:/Users/JoshuaDasari/Downloads/sts-4.10.0.RELEASE//plugins/org.eclipse.justj.openjdk.hotspot.jre.full.win32.x86_64_15.0.2.v20210201-0955/jre/bin/server;C:/Users/JoshuaDasari/Downloads/sts-4.10.0.RELEASE//plugins/org.eclipse.justj.openjdk.hotspot.jre.full.win32.x86_64_15.0.2.v20210201-0955/jre/bin;C:\Program Files\Java\jdk-11.0.12\bin;C:\Program Files\Common Files\Oracle\Java\javapath;C:\Program Files (x86)\Common Files\Oracle\Java\javapath;C:\Python27\;C:\Python27\Scripts;C:\WINDOWS\system32;C:\WINDOWS;C:\WINDOWS\System32\Wbem;C:\WINDOWS\System32\WindowsPowerShell\v1.0\;C:\WINDOWS\System32\OpenSSH\;C:\Program Files\Git\cmd;C:\Program Files\nodejs\;C:\ProgramData\chocolatey\bin;C:\Users\JoshuaDasari\Downloads\openshift-origin-client-tools-v3.11.0-0cbc58b-windows;C:\Program Files\PuTTY\;C:\Program Files\Amazon\AWSCLIV2\;C:\Program Files\Docker\Docker\resources\bin;C:\ProgramData\DockerDesktop\version-bin;C:\Program Files (x86)\Intel\Intel(R) Management Engine Components\DAL;C:\Program Files\Intel\Intel(R) Management Engine Components\DAL;C:\Users\JoshuaDasari\Downloads\apache-maven-3.8.1-bin\apache-maven-3.8.1\bin;C:\Program Files\Java\jdk-11.0.12\bin;C:\Users\JoshuaDasari\AppData\Local\Microsoft\WindowsApps;C:\Users\JoshuaDasari\AppData\Local\Programs\Microsoft VS Code\bin;C:\Users\JoshuaDasari\AppData\Roaming\npm;C:\Users\JoshuaDasari\Documents\apache-maven-3.6.3\bin;C:\Program Files\heroku\bin;C:\Program Files (x86)\OpenShift;C:\Users\JoshuaDasari\Downloads\openshift-origin-client-tools-v3.11.0-0cbc58b-windows;;C:\Users\JoshuaDasari\Downloads\sts-4.10.0.RELEASE;;."/>
    <property name="java.vm.info" value="mixed mode"/>
    <property name="java.vendor" value="Oracle Corporation"/>
    <property name="java.vm.version" value="15.0.2+7-27"/>
    <property name="sun.io.unicode.encoding" value="UnicodeLittle"/>
    <property name="java.class.version" value="59.0"/>
  </properties>
  <testcase name="com.czetsuyatech.SpringKeycloakMultiTenantApplicationTests" classname="com.czetsuyatech.SpringKeycloakMultiTenantApplicationTests" time="1.645">
    <error message="Unable to find a @SpringBootConfiguration, you need to use @ContextConfiguration or @SpringBootTest(classes=...) with your test" type="java.lang.IllegalStateException">java.lang.IllegalStateException: Unable to find a @SpringBootConfiguration, you need to use @ContextConfiguration or @SpringBootTest(classes=...) with your test
</error>
    <system-out><![CDATA[13:17:40.445 [main] DEBUG org.springframework.test.context.BootstrapUtils - Instantiating CacheAwareContextLoaderDelegate from class [org.springframework.test.context.cache.DefaultCacheAwareContextLoaderDelegate]
13:17:40.546 [main] DEBUG org.springframework.test.context.BootstrapUtils - Instantiating BootstrapContext using constructor [public org.springframework.test.context.support.DefaultBootstrapContext(java.lang.Class,org.springframework.test.context.CacheAwareContextLoaderDelegate)]
13:17:40.778 [main] DEBUG org.springframework.test.context.BootstrapUtils - Instantiating TestContextBootstrapper for test class [com.czetsuyatech.SpringKeycloakMultiTenantApplicationTests] from class [org.springframework.boot.test.context.SpringBootTestContextBootstrapper]
13:17:40.851 [main] INFO org.springframework.boot.test.context.SpringBootTestContextBootstrapper - Neither @ContextConfiguration nor @ContextHierarchy found for test class [com.czetsuyatech.SpringKeycloakMultiTenantApplicationTests], using SpringBootContextLoader
13:17:40.874 [main] DEBUG org.springframework.test.context.support.AbstractContextLoader - Did not detect default resource location for test class [com.czetsuyatech.SpringKeycloakMultiTenantApplicationTests]: class path resource [com/czetsuyatech/SpringKeycloakMultiTenantApplicationTests-context.xml] does not exist
13:17:40.875 [main] DEBUG org.springframework.test.context.support.AbstractContextLoader - Did not detect default resource location for test class [com.czetsuyatech.SpringKeycloakMultiTenantApplicationTests]: class path resource [com/czetsuyatech/SpringKeycloakMultiTenantApplicationTestsContext.groovy] does not exist
13:17:40.876 [main] INFO org.springframework.test.context.support.AbstractContextLoader - Could not detect default resource locations for test class [com.czetsuyatech.SpringKeycloakMultiTenantApplicationTests]: no resource found for suffixes {-context.xml, Context.groovy}.
13:17:40.879 [main] INFO org.springframework.test.context.support.AnnotationConfigContextLoaderUtils - Could not detect default configuration classes for test class [com.czetsuyatech.SpringKeycloakMultiTenantApplicationTests]: SpringKeycloakMultiTenantApplicationTests does not declare any static, non-private, non-final, nested classes annotated with @Configuration.
13:17:41.082 [main] DEBUG org.springframework.test.context.support.ActiveProfilesUtils - Could not find an 'annotation declaring class' for annotation type [org.springframework.test.context.ActiveProfiles] and class [com.czetsuyatech.SpringKeycloakMultiTenantApplicationTests]
13:17:41.246 [main] DEBUG org.springframework.test.context.BootstrapUtils - Instantiating CacheAwareContextLoaderDelegate from class [org.springframework.test.context.cache.DefaultCacheAwareContextLoaderDelegate]
13:17:41.249 [main] DEBUG org.springframework.test.context.BootstrapUtils - Instantiating BootstrapContext using constructor [public org.springframework.test.context.support.DefaultBootstrapContext(java.lang.Class,org.springframework.test.context.CacheAwareContextLoaderDelegate)]
13:17:41.300 [main] DEBUG org.springframework.test.context.BootstrapUtils - Instantiating TestContextBootstrapper for test class [com.czetsuyatech.SpringKeycloakMultiTenantApplicationTests] from class [org.springframework.boot.test.context.SpringBootTestContextBootstrapper]
13:17:41.303 [main] INFO org.springframework.boot.test.context.SpringBootTestContextBootstrapper - Neither @ContextConfiguration nor @ContextHierarchy found for test class [com.czetsuyatech.SpringKeycloakMultiTenantApplicationTests], using SpringBootContextLoader
13:17:41.311 [main] DEBUG org.springframework.test.context.support.AbstractContextLoader - Did not detect default resource location for test class [com.czetsuyatech.SpringKeycloakMultiTenantApplicationTests]: class path resource [com/czetsuyatech/SpringKeycloakMultiTenantApplicationTests-context.xml] does not exist
13:17:41.312 [main] DEBUG org.springframework.test.context.support.AbstractContextLoader - Did not detect default resource location for test class [com.czetsuyatech.SpringKeycloakMultiTenantApplicationTests]: class path resource [com/czetsuyatech/SpringKeycloakMultiTenantApplicationTestsContext.groovy] does not exist
13:17:41.317 [main] INFO org.springframework.test.context.support.AbstractContextLoader - Could not detect default resource locations for test class [com.czetsuyatech.SpringKeycloakMultiTenantApplicationTests]: no resource found for suffixes {-context.xml, Context.groovy}.
13:17:41.319 [main] INFO org.springframework.test.context.support.AnnotationConfigContextLoaderUtils - Could not detect default configuration classes for test class [com.czetsuyatech.SpringKeycloakMultiTenantApplicationTests]: SpringKeycloakMultiTenantApplicationTests does not declare any static, non-private, non-final, nested classes annotated with @Configuration.
13:17:41.331 [main] DEBUG org.springframework.test.context.support.ActiveProfilesUtils - Could not find an 'annotation declaring class' for annotation type [org.springframework.test.context.ActiveProfiles] and class [com.czetsuyatech.SpringKeycloakMultiTenantApplicationTests]
13:17:41.503 [main] DEBUG org.springframework.test.context.BootstrapUtils - Instantiating CacheAwareContextLoaderDelegate from class [org.springframework.test.context.cache.DefaultCacheAwareContextLoaderDelegate]
13:17:41.506 [main] DEBUG org.springframework.test.context.BootstrapUtils - Instantiating BootstrapContext using constructor [public org.springframework.test.context.support.DefaultBootstrapContext(java.lang.Class,org.springframework.test.context.CacheAwareContextLoaderDelegate)]
13:17:41.509 [main] DEBUG org.springframework.test.context.BootstrapUtils - Instantiating TestContextBootstrapper for test class [com.czetsuyatech.SpringKeycloakMultiTenantApplicationTests] from class [org.springframework.boot.test.context.SpringBootTestContextBootstrapper]
13:17:41.513 [main] INFO org.springframework.boot.test.context.SpringBootTestContextBootstrapper - Neither @ContextConfiguration nor @ContextHierarchy found for test class [com.czetsuyatech.SpringKeycloakMultiTenantApplicationTests], using SpringBootContextLoader
13:17:41.515 [main] DEBUG org.springframework.test.context.support.AbstractContextLoader - Did not detect default resource location for test class [com.czetsuyatech.SpringKeycloakMultiTenantApplicationTests]: class path resource [com/czetsuyatech/SpringKeycloakMultiTenantApplicationTests-context.xml] does not exist
13:17:41.518 [main] DEBUG org.springframework.test.context.support.AbstractContextLoader - Did not detect default resource location for test class [com.czetsuyatech.SpringKeycloakMultiTenantApplicationTests]: class path resource [com/czetsuyatech/SpringKeycloakMultiTenantApplicationTestsContext.groovy] does not exist
13:17:41.520 [main] INFO org.springframework.test.context.support.AbstractContextLoader - Could not detect default resource locations for test class [com.czetsuyatech.SpringKeycloakMultiTenantApplicationTests]: no resource found for suffixes {-context.xml, Context.groovy}.
13:17:41.520 [main] INFO org.springframework.test.context.support.AnnotationConfigContextLoaderUtils - Could not detect default configuration classes for test class [com.czetsuyatech.SpringKeycloakMultiTenantApplicationTests]: SpringKeycloakMultiTenantApplicationTests does not declare any static, non-private, non-final, nested classes annotated with @Configuration.
13:17:41.529 [main] DEBUG org.springframework.test.context.support.ActiveProfilesUtils - Could not find an 'annotation declaring class' for annotation type [org.springframework.test.context.ActiveProfiles] and class [com.czetsuyatech.SpringKeycloakMultiTenantApplicationTests]
]]></system-out>
  </testcase>
</testsuite>